#
# A fatal error has been detected by the Java Runtime Environment:
#
#  EXCEPTION_ACCESS_VIOLATION (0xc0000005) at pc=0x00007ffa669245a9, pid=1528, tid=21444
#
# JRE version: OpenJDK Runtime Environment Temurin-17.0.1+12 (17.0.1+12) (build 17.0.1+12)
# Java VM: OpenJDK 64-Bit Server VM Temurin-17.0.1+12 (17.0.1+12, mixed mode, tiered, compressed oops, compressed class ptrs, g1 gc, windows-amd64)
# Problematic frame:
# C  [igdrcl64.dll+0x945a9]
#
# No core dump will be written. Minidumps are not enabled by default on client versions of Windows
#
# If you would like to submit a bug report, please visit:
#   https://github.com/adoptium/adoptium-support/issues
#

---------------  S U M M A R Y ------------

Command Line: -Djava.library.path=C:\Users\orkun\Downloads\opencv\build\java\x64 -Dfile.encoding=Cp1252 -XX:+ShowCodeDetailsInExceptionMessages EyeTracker.java.EyeTracker

Host: Intel(R) Core(TM) i7-8550U CPU @ 1.80GHz, 8 cores, 15G,  Windows 10 , 64 bit Build 19041 (10.0.19041.1348)
Time: Mon Jan 17 22:18:42 2022 Turkey Standard Time elapsed time: 15.830338 seconds (0d 0h 0m 15s)

---------------  T H R E A D  ---------------

Current thread (0x000002d648f3dfc0):  VMThread "VM Thread" [stack: 0x000000ed21700000,0x000000ed21800000] [id=21444]

Stack: [0x000000ed21700000,0x000000ed21800000],  sp=0x000000ed217ff2a0,  free space=1020k
Native frames: (J=compiled Java code, j=interpreted, Vv=VM code, C=native code)
C  [igdrcl64.dll+0x945a9]


siginfo: EXCEPTION_ACCESS_VIOLATION (0xc0000005), reading address 0x000002d64a459d90


Register to memory mapping:

RIP=0x00007ffa669245a9 igdrcl64.dll
RAX=0x000002d64a4599a0 is an unknown value
RBX=0x00007ffa66924590 igdrcl64.dll
RCX=0x000002d64a11fcd0 points into unknown readable memory: 0x00007ffa66b0e930 | 30 e9 b0 66 fa 7f 00 00
RDX=0x0 is NULL
RSP=0x000000ed217ff2a0 points into unknown readable memory: 0x000002d64a5836c0 | c0 36 58 4a d6 02 00 00
RBP=0x000000ed217ff7f0 points into unknown readable memory: 0x000002d648f39ee0 | e0 9e f3 48 d6 02 00 00
RSI=0x00000000ffffffff is an unknown value
RDI=0x000002d64a11fcd0 points into unknown readable memory: 0x00007ffa66b0e930 | 30 e9 b0 66 fa 7f 00 00
R8 =0x0 is NULL
R9 =0x00007ffaa1c92b20 OpenCL.dll
R10=0x000002d628377170 points into unknown readable memory: 0x000002d628370000 | 00 00 37 28 d6 02 00 00
R11=0x000000ed217ff2e0 points into unknown readable memory: 0x000000ed217ff7f0 | f0 f7 7f 21 ed 00 00 00
R12=0x000002d649f15ec0 points into unknown readable memory: 0x27b686f98365a5f2 | f2 a5 65 83 f9 86 b6 27
R13=0x0000000000000040 is an unknown value
R14=0x000002d649f165f8 points into unknown readable memory: 0x00007af9831a5fa8 | a8 5f 1a 83 f9 7a 00 00
R15=0x000000ed217ff4a0 points into unknown readable memory: 0x000000ed217ff4c0 | c0 f4 7f 21 ed 00 00 00


Registers:
RAX=0x000002d64a4599a0, RBX=0x00007ffa66924590, RCX=0x000002d64a11fcd0, RDX=0x0000000000000000
RSP=0x000000ed217ff2a0, RBP=0x000000ed217ff7f0, RSI=0x00000000ffffffff, RDI=0x000002d64a11fcd0
R8 =0x0000000000000000, R9 =0x00007ffaa1c92b20, R10=0x000002d628377170, R11=0x000000ed217ff2e0
R12=0x000002d649f15ec0, R13=0x0000000000000040, R14=0x000002d649f165f8, R15=0x000000ed217ff4a0
RIP=0x00007ffa669245a9, EFLAGS=0x0000000000010206

Top of Stack: (sp=0x000000ed217ff2a0)
0x000000ed217ff2a0:   000002d64a5836c0 000002d628370000
0x000000ed217ff2b0:   000000ed217ff4a0 000002d649f165f8
0x000000ed217ff2c0:   000002d64a11fcd0 00007ffa668a917e
0x000000ed217ff2d0:   00007ffa66924590 00000000ffffffff
0x000000ed217ff2e0:   000000ed217ff7f0 00007ffaa1c92b4f
0x000000ed217ff2f0:   fffffffffffffffe 000002d600000000
0x000000ed217ff300:   00008298f8caecdb 00007ffa59548d27
0x000000ed217ff310:   000002d64cfbbd40 00007ffa5963f42e
0x000000ed217ff320:   000002d64cfcd9c0 000002d64cfcd9c0
0x000000ed217ff330:   000000ed217ff4a0 000002d649f165f8
0x000000ed217ff340:   0000000000000040 000002d649f15ec0
0x000000ed217ff350:   0000000000000000 000002d64cfcd9c0
0x000000ed217ff360:   000002d64cc7a240 000002d628370000
0x000000ed217ff370:   000000ed217ff7f0 0000000000000000
0x000000ed217ff380:   00007a14a265ac88 00007ffa59de6b74
0x000000ed217ff390:   000002d64cfbbd40 00007ffa5963f37d 

Instructions: (pc=0x00007ffa669245a9)
0x00007ffa669244a9:   8b 85 b0 08 00 00 89 44 24 28 48 8d 45 68 48 89
0x00007ffa669244b9:   44 24 20 41 b8 02 00 00 00 48 8d 95 00 08 00 00
0x00007ffa669244c9:   48 8b cf e8 1f 52 fe ff 49 8b cf e8 27 65 fb ff
0x00007ffa669244d9:   48 8b 8f f0 00 00 00 48 83 b9 48 01 00 00 00 74
0x00007ffa669244e9:   1d 49 8d 46 10 48 89 44 24 40 4c 8d 4c 24 40 ba
0x00007ffa669244f9:   04 00 00 00 44 8d 42 11 e8 2a 9a ff ff 90 48 8d
0x00007ffa66924509:   05 ca 08 1e 00 48 89 45 20 48 8b 7d 30 48 8b 07
0x00007ffa66924519:   48 8b 58 10 48 8b cb ff 15 5a 30 1c 00 48 8d 54
0x00007ffa66924529:   24 40 48 8b cf ff d3 90 48 8b 7c 24 48 48 85 ff
0x00007ffa66924539:   74 14 48 8b 5c 24 40 48 8b cb ff 15 37 30 1c 00
0x00007ffa66924549:   48 8b cf ff d3 90 48 89 75 30 48 8d 4d 68 e8 64
0x00007ffa66924559:   9e ff ff 33 c0 48 8b 8d 10 08 00 00 48 33 cc e8
0x00007ffa66924569:   b3 16 17 00 48 81 c4 28 09 00 00 41 5f 41 5e 41
0x00007ffa66924579:   5d 41 5c 5f 5e 5b 5d c3 e8 ea f1 f8 ff 90 cc cc
0x00007ffa66924589:   cc cc cc cc cc cc cc 48 89 5c 24 08 48 89 74 24
0x00007ffa66924599:   10 57 48 83 ec 20 48 8b 81 f8 00 00 00 48 8b f9
0x00007ffa669245a9:   48 8b b0 f0 03 00 00 48 8b 06 48 8b 58 18 48 8b
0x00007ffa669245b9:   cb ff 15 c0 2f 1c 00 48 8b ce ff d3 48 8b cf e8
0x00007ffa669245c9:   a3 1d fc ff 84 c0 75 f4 48 8b 8f d8 00 00 00 8b
0x00007ffa669245d9:   9f d0 00 00 00 e8 9d 68 0d 00 45 33 c9 4c 8b c0
0x00007ffa669245e9:   8b d3 48 8b cf e8 9d 20 fc ff 45 33 c0 8b d3 48
0x00007ffa669245f9:   8b ce e8 80 fd 0b 00 48 8b 5c 24 30 33 c0 48 8b
0x00007ffa66924609:   74 24 38 48 83 c4 20 5f c3 cc cc cc cc cc cc cc
0x00007ffa66924619:   cc cc cc cc cc cc cc 48 89 5c 24 08 57 48 83 ec
0x00007ffa66924629:   20 48 8b 81 f8 00 00 00 48 8b b8 f0 03 00 00 48
0x00007ffa66924639:   8b 07 48 8b 58 18 48 8b cb ff 15 38 2f 1c 00 48
0x00007ffa66924649:   8b cf ff d3 48 8b 5c 24 30 33 c0 48 83 c4 20 5f
0x00007ffa66924659:   c3 cc cc cc cc cc cc 48 89 5c 24 10 48 89 74 24
0x00007ffa66924669:   18 48 89 7c 24 20 55 41 54 41 55 41 56 41 57 48
0x00007ffa66924679:   8d 6c 24 e0 48 81 ec 20 01 00 00 48 8b f2 4c 8b
0x00007ffa66924689:   e9 e8 91 51 fb ff 49 8b 95 f0 00 00 00 48 8b c8
0x00007ffa66924699:   e8 72 5d fb ff 33 d2 48 8d 4c 24 50 41 b8 d0 00 


Stack slot to memory mapping:
stack at sp + 0 slots: 0x000002d64a5836c0 points into unknown readable memory: 0x0000000000000000 | 00 00 00 00 00 00 00 00
stack at sp + 1 slots: 0x000002d628370000 points into unknown readable memory: 0x0000000000000000 | 00 00 00 00 00 00 00 00
stack at sp + 2 slots: 0x000000ed217ff4a0 points into unknown readable memory: 0x000000ed217ff4c0 | c0 f4 7f 21 ed 00 00 00
stack at sp + 3 slots: 0x000002d649f165f8 points into unknown readable memory: 0x00007af9831a5fa8 | a8 5f 1a 83 f9 7a 00 00
stack at sp + 4 slots: 0x000002d64a11fcd0 points into unknown readable memory: 0x00007ffa66b0e930 | 30 e9 b0 66 fa 7f 00 00
stack at sp + 5 slots: 0x00007ffa668a917e igdrcl64.dll
stack at sp + 6 slots: 0x00007ffa66924590 igdrcl64.dll
stack at sp + 7 slots: 0x00000000ffffffff is an unknown value

VM_Operation (0x000000ed227fe770): Exit, mode: safepoint, requested by thread 0x000002d649b63d20


---------------  P R O C E S S  ---------------

Threads class SMR info:
_java_thread_list=0x000002d64ca81d30, length=15, elements={
0x000002d648f3e830, 0x000002d6498417d0, 0x000002d649849f80, 0x000002d64984c850,
0x000002d64984d110, 0x000002d64984ead0, 0x000002d649873080, 0x000002d649873980,
0x000002d649876680, 0x000002d6499e8e80, 0x000002d6499f5540, 0x000002d649b646c0,
0x000002d649b65a00, 0x000002d649b63d20, 0x000002d649b641f0
}

Java Threads: ( => current thread )
  0x000002d648f3e830 JavaThread "Reference Handler" daemon [_thread_blocked, id=5844, stack(0x000000ed21800000,0x000000ed21900000)]
  0x000002d6498417d0 JavaThread "Finalizer" daemon [_thread_blocked, id=13500, stack(0x000000ed21900000,0x000000ed21a00000)]
  0x000002d649849f80 JavaThread "Signal Dispatcher" daemon [_thread_blocked, id=11152, stack(0x000000ed21a00000,0x000000ed21b00000)]
  0x000002d64984c850 JavaThread "Attach Listener" daemon [_thread_blocked, id=20912, stack(0x000000ed21b00000,0x000000ed21c00000)]
  0x000002d64984d110 JavaThread "Service Thread" daemon [_thread_blocked, id=12260, stack(0x000000ed21c00000,0x000000ed21d00000)]
  0x000002d64984ead0 JavaThread "Monitor Deflation Thread" daemon [_thread_blocked, id=18928, stack(0x000000ed21d00000,0x000000ed21e00000)]
  0x000002d649873080 JavaThread "C2 CompilerThread0" daemon [_thread_blocked, id=20260, stack(0x000000ed21e00000,0x000000ed21f00000)]
  0x000002d649873980 JavaThread "C1 CompilerThread0" daemon [_thread_blocked, id=1300, stack(0x000000ed21f00000,0x000000ed22000000)]
  0x000002d649876680 JavaThread "Sweeper thread" daemon [_thread_blocked, id=8940, stack(0x000000ed22000000,0x000000ed22100000)]
  0x000002d6499e8e80 JavaThread "Notification Thread" daemon [_thread_blocked, id=8784, stack(0x000000ed22100000,0x000000ed22200000)]
  0x000002d6499f5540 JavaThread "Common-Cleaner" daemon [_thread_blocked, id=21428, stack(0x000000ed22300000,0x000000ed22400000)]
  0x000002d649b646c0 JavaThread "Java2D Disposer" daemon [_thread_blocked, id=24680, stack(0x000000ed22400000,0x000000ed22500000)]
  0x000002d649b65a00 JavaThread "AWT-Shutdown" [_thread_blocked, id=6568, stack(0x000000ed22500000,0x000000ed22600000)]
  0x000002d649b63d20 JavaThread "AWT-EventQueue-0" [_thread_blocked, id=21900, stack(0x000000ed22700000,0x000000ed22800000)]
  0x000002d649b641f0 JavaThread "DestroyJavaVM" [_thread_blocked, id=24368, stack(0x000000ed21100000,0x000000ed21200000)]

Other Threads:
=>0x000002d648f3dfc0 VMThread "VM Thread" [stack: 0x000000ed21700000,0x000000ed21800000] [id=21444]
  0x000002d6284ec460 GCTaskThread "GC Thread#0" [stack: 0x000000ed21200000,0x000000ed21300000] [id=10316]
  0x000002d64cc50590 GCTaskThread "GC Thread#1" [stack: 0x000000ed24400000,0x000000ed24500000] [id=13208]
  0x000002d64cc4f2c0 GCTaskThread "GC Thread#2" [stack: 0x000000ed24500000,0x000000ed24600000] [id=19720]
  0x000002d64cc4fad0 GCTaskThread "GC Thread#3" [stack: 0x000000ed24600000,0x000000ed24700000] [id=11700]
  0x000002d64cc50af0 GCTaskThread "GC Thread#4" [stack: 0x000000ed24700000,0x000000ed24800000] [id=16960]
  0x000002d64cc4f570 GCTaskThread "GC Thread#5" [stack: 0x000000ed24800000,0x000000ed24900000] [id=13268]
  0x000002d64cc4fd80 GCTaskThread "GC Thread#6" [stack: 0x000000ed24900000,0x000000ed24a00000] [id=19580]
  0x000002d64cc50840 GCTaskThread "GC Thread#7" [stack: 0x000000ed24a00000,0x000000ed24b00000] [id=5592]
  0x000002d6284fe8e0 ConcurrentGCThread "G1 Main Marker" terminated
  0x000002d6284ff2f0 ConcurrentGCThread "G1 Conc#0" [stack: 0x000000ed21400000,0x000000ed21500000] [id=11536]
  0x000002d62856d960 ConcurrentGCThread "G1 Refine#0" terminated
  0x000002d62856e380 ConcurrentGCThread "G1 Service" terminated

Threads with active compile tasks:

VM state: at safepoint (shutting down)

VM Mutex/Monitor currently owned by a thread:  ([mutex/lock_event])
[0x000002d628499140] Threads_lock - owner thread: 0x000002d648f3dfc0
[0x000002d6284987b0] Heap_lock - owner thread: 0x000002d649b63d20

Heap address: 0x0000000702600000, size: 4058 MB, Compressed Oops mode: Zero based, Oop shift amount: 3

CDS archive(s) not mapped
Compressed class space mapped at: 0x0000000800000000-0x0000000840000000, reserved size: 1073741824
Narrow klass base: 0x0000000800000000, Narrow klass shift: 0, Narrow klass range: 0x40000000

GC Precious Log:
 CPUs: 8 total, 8 available
 Memory: 16225M
 Large Page Support: Disabled
 NUMA Support: Disabled
 Compressed Oops: Enabled (Zero based)
 Heap Region Size: 2M
 Heap Min Capacity: 8M
 Heap Initial Capacity: 254M
 Heap Max Capacity: 4058M
 Pre-touch: Disabled
 Parallel Workers: 8
 Concurrent Workers: 2
 Concurrent Refinement Workers: 8
 Periodic GC: Disabled

Heap:
 garbage-first heap   total 260096K, used 42903K [0x0000000702600000, 0x0000000800000000)
  region size 2048K, 5 young (10240K), 1 survivors (2048K)
 Metaspace       used 13333K, committed 13568K, reserved 1064960K
  class space    used 1285K, committed 1408K, reserved 1048576K

Heap Regions: E=young(eden), S=young(survivor), O=old, HS=humongous(starts), HC=humongous(continues), CS=collection set, F=free, OA=open archive, CA=closed archive, TAMS=top-at-mark-start (previous, next)
|   0|0x0000000702600000, 0x0000000702800000, 0x0000000702800000|100%|HS|  |TAMS 0x0000000702600000, 0x0000000702600000| Complete 
|   1|0x0000000702800000, 0x0000000702a00000, 0x0000000702a00000|100%|HS|  |TAMS 0x0000000702800000, 0x0000000702800000| Complete 
|   2|0x0000000702a00000, 0x0000000702c00000, 0x0000000702c00000|100%|HS|  |TAMS 0x0000000702a00000, 0x0000000702a00000| Complete 
|   3|0x0000000702c00000, 0x0000000702e00000, 0x0000000702e00000|100%|HS|  |TAMS 0x0000000702c00000, 0x0000000702c00000| Complete 
|   4|0x0000000702e00000, 0x0000000703000000, 0x0000000703000000|100%|HS|  |TAMS 0x0000000702e00000, 0x0000000702e00000| Complete 
|   5|0x0000000703000000, 0x0000000703200000, 0x0000000703200000|100%|HS|  |TAMS 0x0000000703000000, 0x0000000703000000| Complete 
|   6|0x0000000703200000, 0x0000000703400000, 0x0000000703400000|100%|HS|  |TAMS 0x0000000703200000, 0x0000000703200000| Complete 
|   7|0x0000000703400000, 0x0000000703600000, 0x0000000703600000|100%|HS|  |TAMS 0x0000000703400000, 0x0000000703400000| Complete 
|   8|0x0000000703600000, 0x0000000703800000, 0x0000000703800000|100%|HS|  |TAMS 0x0000000703600000, 0x0000000703600000| Complete 
|   9|0x0000000703800000, 0x0000000703a00000, 0x0000000703a00000|100%|HS|  |TAMS 0x0000000703800000, 0x0000000703800000| Complete 
|  10|0x0000000703a00000, 0x0000000703c00000, 0x0000000703c00000|100%|HS|  |TAMS 0x0000000703a00000, 0x0000000703a00000| Complete 
|  11|0x0000000703c00000, 0x0000000703e00000, 0x0000000703e00000|100%|HS|  |TAMS 0x0000000703c00000, 0x0000000703c00000| Complete 
|  12|0x0000000703e00000, 0x0000000704000000, 0x0000000704000000|100%|HS|  |TAMS 0x0000000703e00000, 0x0000000703e00000| Complete 
|  13|0x0000000704000000, 0x0000000704200000, 0x0000000704200000|100%|HS|  |TAMS 0x0000000704000000, 0x0000000704000000| Complete 
|  14|0x0000000704200000, 0x0000000704400000, 0x0000000704400000|100%|HS|  |TAMS 0x0000000704200000, 0x0000000704200000| Complete 
|  15|0x0000000704400000, 0x0000000704600000, 0x0000000704600000|100%|HS|  |TAMS 0x0000000704400000, 0x0000000704400000| Complete 
|  16|0x0000000704600000, 0x0000000704800000, 0x0000000704800000|100%|HS|  |TAMS 0x0000000704600000, 0x0000000704600000| Complete 
|  17|0x0000000704800000, 0x0000000704800000, 0x0000000704a00000|  0%| F|  |TAMS 0x0000000704800000, 0x0000000704800000| Untracked 
|  18|0x0000000704a00000, 0x0000000704a00000, 0x0000000704c00000|  0%| F|  |TAMS 0x0000000704a00000, 0x0000000704a00000| Untracked 
|  19|0x0000000704c00000, 0x0000000704c00000, 0x0000000704e00000|  0%| F|  |TAMS 0x0000000704c00000, 0x0000000704c00000| Untracked 
|  20|0x0000000704e00000, 0x0000000704e00000, 0x0000000705000000|  0%| F|  |TAMS 0x0000000704e00000, 0x0000000704e00000| Untracked 
|  21|0x0000000705000000, 0x0000000705000000, 0x0000000705200000|  0%| F|  |TAMS 0x0000000705000000, 0x0000000705000000| Untracked 
|  22|0x0000000705200000, 0x0000000705200000, 0x0000000705400000|  0%| F|  |TAMS 0x0000000705200000, 0x0000000705200000| Untracked 
|  23|0x0000000705400000, 0x0000000705400000, 0x0000000705600000|  0%| F|  |TAMS 0x0000000705400000, 0x0000000705400000| Untracked 
|  24|0x0000000705600000, 0x0000000705600000, 0x0000000705800000|  0%| F|  |TAMS 0x0000000705600000, 0x0000000705600000| Untracked 
|  25|0x0000000705800000, 0x0000000705800000, 0x0000000705a00000|  0%| F|  |TAMS 0x0000000705800000, 0x0000000705800000| Untracked 
|  26|0x0000000705a00000, 0x0000000705a00000, 0x0000000705c00000|  0%| F|  |TAMS 0x0000000705a00000, 0x0000000705a00000| Untracked 
|  27|0x0000000705c00000, 0x0000000705c00000, 0x0000000705e00000|  0%| F|  |TAMS 0x0000000705c00000, 0x0000000705c00000| Untracked 
|  28|0x0000000705e00000, 0x0000000705e00000, 0x0000000706000000|  0%| F|  |TAMS 0x0000000705e00000, 0x0000000705e00000| Untracked 
|  29|0x0000000706000000, 0x0000000706000000, 0x0000000706200000|  0%| F|  |TAMS 0x0000000706000000, 0x0000000706000000| Untracked 
|  30|0x0000000706200000, 0x0000000706200000, 0x0000000706400000|  0%| F|  |TAMS 0x0000000706200000, 0x0000000706200000| Untracked 
|  31|0x0000000706400000, 0x0000000706400000, 0x0000000706600000|  0%| F|  |TAMS 0x0000000706400000, 0x0000000706400000| Untracked 
|  32|0x0000000706600000, 0x0000000706600000, 0x0000000706800000|  0%| F|  |TAMS 0x0000000706600000, 0x0000000706600000| Untracked 
|  33|0x0000000706800000, 0x0000000706800000, 0x0000000706a00000|  0%| F|  |TAMS 0x0000000706800000, 0x0000000706800000| Untracked 
|  34|0x0000000706a00000, 0x0000000706a00000, 0x0000000706c00000|  0%| F|  |TAMS 0x0000000706a00000, 0x0000000706a00000| Untracked 
|  35|0x0000000706c00000, 0x0000000706c00000, 0x0000000706e00000|  0%| F|  |TAMS 0x0000000706c00000, 0x0000000706c00000| Untracked 
|  36|0x0000000706e00000, 0x0000000706e00000, 0x0000000707000000|  0%| F|  |TAMS 0x0000000706e00000, 0x0000000706e00000| Untracked 
|  37|0x0000000707000000, 0x0000000707000000, 0x0000000707200000|  0%| F|  |TAMS 0x0000000707000000, 0x0000000707000000| Untracked 
|  38|0x0000000707200000, 0x0000000707200000, 0x0000000707400000|  0%| F|  |TAMS 0x0000000707200000, 0x0000000707200000| Untracked 
|  39|0x0000000707400000, 0x0000000707400000, 0x0000000707600000|  0%| F|  |TAMS 0x0000000707400000, 0x0000000707400000| Untracked 
|  40|0x0000000707600000, 0x0000000707600000, 0x0000000707800000|  0%| F|  |TAMS 0x0000000707600000, 0x0000000707600000| Untracked 
|  41|0x0000000707800000, 0x0000000707800000, 0x0000000707a00000|  0%| F|  |TAMS 0x0000000707800000, 0x0000000707800000| Untracked 
|  42|0x0000000707a00000, 0x0000000707a00000, 0x0000000707c00000|  0%| F|  |TAMS 0x0000000707a00000, 0x0000000707a00000| Untracked 
|  43|0x0000000707c00000, 0x0000000707c00000, 0x0000000707e00000|  0%| F|  |TAMS 0x0000000707c00000, 0x0000000707c00000| Untracked 
|  44|0x0000000707e00000, 0x0000000707e00000, 0x0000000708000000|  0%| F|  |TAMS 0x0000000707e00000, 0x0000000707e00000| Untracked 
|  45|0x0000000708000000, 0x0000000708000000, 0x0000000708200000|  0%| F|  |TAMS 0x0000000708000000, 0x0000000708000000| Untracked 
|  46|0x0000000708200000, 0x0000000708200000, 0x0000000708400000|  0%| F|  |TAMS 0x0000000708200000, 0x0000000708200000| Untracked 
|  47|0x0000000708400000, 0x0000000708400000, 0x0000000708600000|  0%| F|  |TAMS 0x0000000708400000, 0x0000000708400000| Untracked 
|  48|0x0000000708600000, 0x0000000708600000, 0x0000000708800000|  0%| F|  |TAMS 0x0000000708600000, 0x0000000708600000| Untracked 
|  49|0x0000000708800000, 0x0000000708800000, 0x0000000708a00000|  0%| F|  |TAMS 0x0000000708800000, 0x0000000708800000| Untracked 
|  50|0x0000000708a00000, 0x0000000708a00000, 0x0000000708c00000|  0%| F|  |TAMS 0x0000000708a00000, 0x0000000708a00000| Untracked 
|  51|0x0000000708c00000, 0x0000000708c00000, 0x0000000708e00000|  0%| F|  |TAMS 0x0000000708c00000, 0x0000000708c00000| Untracked 
|  52|0x0000000708e00000, 0x0000000708e00000, 0x0000000709000000|  0%| F|  |TAMS 0x0000000708e00000, 0x0000000708e00000| Untracked 
|  53|0x0000000709000000, 0x0000000709000000, 0x0000000709200000|  0%| F|  |TAMS 0x0000000709000000, 0x0000000709000000| Untracked 
|  54|0x0000000709200000, 0x0000000709200000, 0x0000000709400000|  0%| F|  |TAMS 0x0000000709200000, 0x0000000709200000| Untracked 
|  55|0x0000000709400000, 0x0000000709400000, 0x0000000709600000|  0%| F|  |TAMS 0x0000000709400000, 0x0000000709400000| Untracked 
|  56|0x0000000709600000, 0x0000000709600000, 0x0000000709800000|  0%| F|  |TAMS 0x0000000709600000, 0x0000000709600000| Untracked 
|  57|0x0000000709800000, 0x0000000709800000, 0x0000000709a00000|  0%| F|  |TAMS 0x0000000709800000, 0x0000000709800000| Untracked 
|  58|0x0000000709a00000, 0x0000000709a00000, 0x0000000709c00000|  0%| F|  |TAMS 0x0000000709a00000, 0x0000000709a00000| Untracked 
|  59|0x0000000709c00000, 0x0000000709c00000, 0x0000000709e00000|  0%| F|  |TAMS 0x0000000709c00000, 0x0000000709c00000| Untracked 
|  60|0x0000000709e00000, 0x0000000709e00000, 0x000000070a000000|  0%| F|  |TAMS 0x0000000709e00000, 0x0000000709e00000| Untracked 
|  61|0x000000070a000000, 0x000000070a000000, 0x000000070a200000|  0%| F|  |TAMS 0x000000070a000000, 0x000000070a000000| Untracked 
|  62|0x000000070a200000, 0x000000070a200000, 0x000000070a400000|  0%| F|  |TAMS 0x000000070a200000, 0x000000070a200000| Untracked 
|  63|0x000000070a400000, 0x000000070a400000, 0x000000070a600000|  0%| F|  |TAMS 0x000000070a400000, 0x000000070a400000| Untracked 
|  64|0x000000070a600000, 0x000000070a600000, 0x000000070a800000|  0%| F|  |TAMS 0x000000070a600000, 0x000000070a600000| Untracked 
|  65|0x000000070a800000, 0x000000070a800000, 0x000000070aa00000|  0%| F|  |TAMS 0x000000070a800000, 0x000000070a800000| Untracked 
|  66|0x000000070aa00000, 0x000000070aa00000, 0x000000070ac00000|  0%| F|  |TAMS 0x000000070aa00000, 0x000000070aa00000| Untracked 
|  67|0x000000070ac00000, 0x000000070ac00000, 0x000000070ae00000|  0%| F|  |TAMS 0x000000070ac00000, 0x000000070ac00000| Untracked 
|  68|0x000000070ae00000, 0x000000070ae00000, 0x000000070b000000|  0%| F|  |TAMS 0x000000070ae00000, 0x000000070ae00000| Untracked 
|  69|0x000000070b000000, 0x000000070b000000, 0x000000070b200000|  0%| F|  |TAMS 0x000000070b000000, 0x000000070b000000| Untracked 
|  70|0x000000070b200000, 0x000000070b200000, 0x000000070b400000|  0%| F|  |TAMS 0x000000070b200000, 0x000000070b200000| Untracked 
|  71|0x000000070b400000, 0x000000070b400000, 0x000000070b600000|  0%| F|  |TAMS 0x000000070b400000, 0x000000070b400000| Untracked 
|  72|0x000000070b600000, 0x000000070b600000, 0x000000070b800000|  0%| F|  |TAMS 0x000000070b600000, 0x000000070b600000| Untracked 
|  73|0x000000070b800000, 0x000000070b800000, 0x000000070ba00000|  0%| F|  |TAMS 0x000000070b800000, 0x000000070b800000| Untracked 
|  74|0x000000070ba00000, 0x000000070ba00000, 0x000000070bc00000|  0%| F|  |TAMS 0x000000070ba00000, 0x000000070ba00000| Untracked 
|  75|0x000000070bc00000, 0x000000070bc00000, 0x000000070be00000|  0%| F|  |TAMS 0x000000070bc00000, 0x000000070bc00000| Untracked 
|  76|0x000000070be00000, 0x000000070be00000, 0x000000070c000000|  0%| F|  |TAMS 0x000000070be00000, 0x000000070be00000| Untracked 
|  77|0x000000070c000000, 0x000000070c000000, 0x000000070c200000|  0%| F|  |TAMS 0x000000070c000000, 0x000000070c000000| Untracked 
|  78|0x000000070c200000, 0x000000070c200000, 0x000000070c400000|  0%| F|  |TAMS 0x000000070c200000, 0x000000070c200000| Untracked 
|  79|0x000000070c400000, 0x000000070c400000, 0x000000070c600000|  0%| F|  |TAMS 0x000000070c400000, 0x000000070c400000| Untracked 
|  80|0x000000070c600000, 0x000000070c600000, 0x000000070c800000|  0%| F|  |TAMS 0x000000070c600000, 0x000000070c600000| Untracked 
|  81|0x000000070c800000, 0x000000070c800000, 0x000000070ca00000|  0%| F|  |TAMS 0x000000070c800000, 0x000000070c800000| Untracked 
|  82|0x000000070ca00000, 0x000000070ca00000, 0x000000070cc00000|  0%| F|  |TAMS 0x000000070ca00000, 0x000000070ca00000| Untracked 
|  83|0x000000070cc00000, 0x000000070cc00000, 0x000000070ce00000|  0%| F|  |TAMS 0x000000070cc00000, 0x000000070cc00000| Untracked 
|  84|0x000000070ce00000, 0x000000070ce00000, 0x000000070d000000|  0%| F|  |TAMS 0x000000070ce00000, 0x000000070ce00000| Untracked 
|  85|0x000000070d000000, 0x000000070d000000, 0x000000070d200000|  0%| F|  |TAMS 0x000000070d000000, 0x000000070d000000| Untracked 
|  86|0x000000070d200000, 0x000000070d200000, 0x000000070d400000|  0%| F|  |TAMS 0x000000070d200000, 0x000000070d200000| Untracked 
|  87|0x000000070d400000, 0x000000070d400000, 0x000000070d600000|  0%| F|  |TAMS 0x000000070d400000, 0x000000070d400000| Untracked 
|  88|0x000000070d600000, 0x000000070d600000, 0x000000070d800000|  0%| F|  |TAMS 0x000000070d600000, 0x000000070d600000| Untracked 
|  89|0x000000070d800000, 0x000000070d800000, 0x000000070da00000|  0%| F|  |TAMS 0x000000070d800000, 0x000000070d800000| Untracked 
|  90|0x000000070da00000, 0x000000070da00000, 0x000000070dc00000|  0%| F|  |TAMS 0x000000070da00000, 0x000000070da00000| Untracked 
|  91|0x000000070dc00000, 0x000000070dc00000, 0x000000070de00000|  0%| F|  |TAMS 0x000000070dc00000, 0x000000070dc00000| Untracked 
|  92|0x000000070de00000, 0x000000070de00000, 0x000000070e000000|  0%| F|  |TAMS 0x000000070de00000, 0x000000070de00000| Untracked 
|  93|0x000000070e000000, 0x000000070e000000, 0x000000070e200000|  0%| F|  |TAMS 0x000000070e000000, 0x000000070e000000| Untracked 
|  94|0x000000070e200000, 0x000000070e200000, 0x000000070e400000|  0%| F|  |TAMS 0x000000070e200000, 0x000000070e200000| Untracked 
|  95|0x000000070e400000, 0x000000070e400000, 0x000000070e600000|  0%| F|  |TAMS 0x000000070e400000, 0x000000070e400000| Untracked 
|  96|0x000000070e600000, 0x000000070e600000, 0x000000070e800000|  0%| F|  |TAMS 0x000000070e600000, 0x000000070e600000| Untracked 
|  97|0x000000070e800000, 0x000000070e800000, 0x000000070ea00000|  0%| F|  |TAMS 0x000000070e800000, 0x000000070e800000| Untracked 
|  98|0x000000070ea00000, 0x000000070ea00000, 0x000000070ec00000|  0%| F|  |TAMS 0x000000070ea00000, 0x000000070ea00000| Untracked 
|  99|0x000000070ec00000, 0x000000070ec00000, 0x000000070ee00000|  0%| F|  |TAMS 0x000000070ec00000, 0x000000070ec00000| Untracked 
| 100|0x000000070ee00000, 0x000000070ee00000, 0x000000070f000000|  0%| F|  |TAMS 0x000000070ee00000, 0x000000070ee00000| Untracked 
| 101|0x000000070f000000, 0x000000070f000000, 0x000000070f200000|  0%| F|  |TAMS 0x000000070f000000, 0x000000070f000000| Untracked 
| 102|0x000000070f200000, 0x000000070f200000, 0x000000070f400000|  0%| F|  |TAMS 0x000000070f200000, 0x000000070f200000| Untracked 
| 103|0x000000070f400000, 0x000000070f400000, 0x000000070f600000|  0%| F|  |TAMS 0x000000070f400000, 0x000000070f400000| Untracked 
| 104|0x000000070f600000, 0x000000070f600000, 0x000000070f800000|  0%| F|  |TAMS 0x000000070f600000, 0x000000070f600000| Untracked 
| 105|0x000000070f800000, 0x000000070f800000, 0x000000070fa00000|  0%| F|  |TAMS 0x000000070f800000, 0x000000070f800000| Untracked 
| 106|0x000000070fa00000, 0x000000070fa00000, 0x000000070fc00000|  0%| F|  |TAMS 0x000000070fa00000, 0x000000070fa00000| Untracked 
| 107|0x000000070fc00000, 0x000000070fc00000, 0x000000070fe00000|  0%| F|  |TAMS 0x000000070fc00000, 0x000000070fc00000| Untracked 
| 108|0x000000070fe00000, 0x000000070fe00000, 0x0000000710000000|  0%| F|  |TAMS 0x000000070fe00000, 0x000000070fe00000| Untracked 
| 109|0x0000000710000000, 0x0000000710000000, 0x0000000710200000|  0%| F|  |TAMS 0x0000000710000000, 0x0000000710000000| Untracked 
| 110|0x0000000710200000, 0x0000000710200000, 0x0000000710400000|  0%| F|  |TAMS 0x0000000710200000, 0x0000000710200000| Untracked 
| 111|0x0000000710400000, 0x0000000710400000, 0x0000000710600000|  0%| F|  |TAMS 0x0000000710400000, 0x0000000710400000| Untracked 
| 112|0x0000000710600000, 0x0000000710600000, 0x0000000710800000|  0%| F|  |TAMS 0x0000000710600000, 0x0000000710600000| Untracked 
| 113|0x0000000710800000, 0x0000000710800000, 0x0000000710a00000|  0%| F|  |TAMS 0x0000000710800000, 0x0000000710800000| Untracked 
| 114|0x0000000710a00000, 0x0000000710a00000, 0x0000000710c00000|  0%| F|  |TAMS 0x0000000710a00000, 0x0000000710a00000| Untracked 
| 115|0x0000000710c00000, 0x0000000710de5dc0, 0x0000000710e00000| 94%| S|CS|TAMS 0x0000000710c00000, 0x0000000710c00000| Complete 
| 116|0x0000000710e00000, 0x0000000710e00000, 0x0000000711000000|  0%| F|  |TAMS 0x0000000710e00000, 0x0000000710e00000| Untracked 
| 117|0x0000000711000000, 0x0000000711000000, 0x0000000711200000|  0%| F|  |TAMS 0x0000000711000000, 0x0000000711000000| Untracked 
| 118|0x0000000711200000, 0x0000000711200000, 0x0000000711400000|  0%| F|  |TAMS 0x0000000711200000, 0x0000000711200000| Untracked 
| 119|0x0000000711400000, 0x0000000711400000, 0x0000000711600000|  0%| F|  |TAMS 0x0000000711400000, 0x0000000711400000| Untracked 
| 120|0x0000000711600000, 0x0000000711600000, 0x0000000711800000|  0%| F|  |TAMS 0x0000000711600000, 0x0000000711600000| Untracked 
| 121|0x0000000711800000, 0x0000000711800000, 0x0000000711a00000|  0%| F|  |TAMS 0x0000000711800000, 0x0000000711800000| Untracked 
| 122|0x0000000711a00000, 0x0000000711a00000, 0x0000000711c00000|  0%| F|  |TAMS 0x0000000711a00000, 0x0000000711a00000| Untracked 
| 123|0x0000000711c00000, 0x0000000711d71eb0, 0x0000000711e00000| 72%| E|  |TAMS 0x0000000711c00000, 0x0000000711c00000| Complete 
| 124|0x0000000711e00000, 0x0000000712000000, 0x0000000712000000|100%| E|CS|TAMS 0x0000000711e00000, 0x0000000711e00000| Complete 
| 125|0x0000000712000000, 0x0000000712200000, 0x0000000712200000|100%| E|CS|TAMS 0x0000000712000000, 0x0000000712000000| Complete 
| 126|0x0000000712200000, 0x0000000712400000, 0x0000000712400000|100%| E|CS|TAMS 0x0000000712200000, 0x0000000712200000| Complete 

Card table byte_map: [0x000002d63d570000,0x000002d63dd60000] _byte_map_base: 0x000002d639d5d000

Marking Bits (Prev, Next): (CMBitMap*) 0x000002d6284eda80, (CMBitMap*) 0x000002d6284edac0
 Prev Bits: [0x000002d63e550000, 0x000002d6424b8000)
 Next Bits: [0x000002d6424c0000, 0x000002d646428000)

Polling page: 0x000002d628320000

Metaspace:

Usage:
  Non-class:     11.77 MB used.
      Class:      1.26 MB used.
       Both:     13.02 MB used.

Virtual space:
  Non-class space:       16.00 MB reserved,      11.88 MB ( 74%) committed,  2 nodes.
      Class space:        1.00 GB reserved,       1.38 MB ( <1%) committed,  1 nodes.
             Both:        1.02 GB reserved,      13.25 MB (  1%) committed. 

Chunk freelists:
   Non-Class:  104.00 KB
       Class:  2.59 MB
        Both:  2.69 MB

MaxMetaspaceSize: unlimited
CompressedClassSpaceSize: 1.00 GB
Initial GC threshold: 21.00 MB
Current GC threshold: 21.00 MB
CDS: off
MetaspaceReclaimPolicy: balanced
 - commit_granule_bytes: 65536.
 - commit_granule_words: 8192.
 - virtual_space_node_default_size: 1048576.
 - enlarge_chunks_in_place: 1.
 - new_chunks_are_fully_committed: 0.
 - uncommit_free_chunks: 1.
 - use_allocation_guard: 0.
 - handle_deallocations: 1.


Internal statistics:

num_allocs_failed_limit: 0.
num_arena_births: 114.
num_arena_deaths: 0.
num_vsnodes_births: 3.
num_vsnodes_deaths: 0.
num_space_committed: 212.
num_space_uncommitted: 0.
num_chunks_returned_to_freelist: 0.
num_chunks_taken_from_freelist: 180.
num_chunk_merges: 0.
num_chunk_splits: 106.
num_chunks_enlarged: 65.
num_purges: 0.
num_inconsistent_stats: 0.

CodeHeap 'non-profiled nmethods': size=120000Kb used=212Kb max_used=212Kb free=119787Kb
 bounds [0x000002d634de0000, 0x000002d635050000, 0x000002d63c310000]
CodeHeap 'profiled nmethods': size=120000Kb used=989Kb max_used=989Kb free=119011Kb
 bounds [0x000002d62d8b0000, 0x000002d62db20000, 0x000002d634de0000]
CodeHeap 'non-nmethods': size=5760Kb used=1457Kb max_used=1477Kb free=4302Kb
 bounds [0x000002d62d310000, 0x000002d62d580000, 0x000002d62d8b0000]
 total_blobs=1564 nmethods=718 adapters=759
 compilation: enabled
              stopped_count=0, restarted_count=0
 full_count=0

Compilation events (20 events):
Event: 13.125 Thread 0x000002d649873980  707       3       java.util.EventObject::<init> (24 bytes)
Event: 13.125 Thread 0x000002d649873980 nmethod 707 0x000002d62d9a4a10 code [0x000002d62d9a4bc0, 0x000002d62d9a4e88]
Event: 13.125 Thread 0x000002d649873980  708       3       java.lang.ref.WeakReference::<init> (6 bytes)
Event: 13.125 Thread 0x000002d649873980 nmethod 708 0x000002d62d9a4f90 code [0x000002d62d9a5140, 0x000002d62d9a5458]
Event: 13.135 Thread 0x000002d649873980  710       1       java.awt.event.InputEvent::isConsumed (5 bytes)
Event: 13.135 Thread 0x000002d649873980 nmethod 710 0x000002d634e14910 code [0x000002d634e14aa0, 0x000002d634e14b78]
Event: 13.139 Thread 0x000002d649873980  712       3       java.util.concurrent.locks.ReentrantLock$Sync::isHeldExclusively (16 bytes)
Event: 13.140 Thread 0x000002d649873980 nmethod 712 0x000002d62d9a5590 code [0x000002d62d9a5720, 0x000002d62d9a58b8]
Event: 13.140 Thread 0x000002d649873980  713       1       java.awt.Component::isEnabledImpl (5 bytes)
Event: 13.140 Thread 0x000002d649873980 nmethod 713 0x000002d634e15010 code [0x000002d634e151a0, 0x000002d634e15278]
Event: 13.149 Thread 0x000002d649873980  714       3       jdk.internal.misc.Unsafe::weakCompareAndSetInt (11 bytes)
Event: 13.149 Thread 0x000002d649873980 nmethod 714 0x000002d62d9a5990 code [0x000002d62d9a5b20, 0x000002d62d9a5c58]
Event: 13.155 Thread 0x000002d649873980  715       3       java.util.IdentityHashMap::maskNull (12 bytes)
Event: 13.155 Thread 0x000002d649873980 nmethod 715 0x000002d62d9a5d10 code [0x000002d62d9a5ea0, 0x000002d62d9a5fd8]
Event: 13.155 Thread 0x000002d649873980  716       3       java.util.IdentityHashMap::hash (18 bytes)
Event: 13.155 Thread 0x000002d649873980 nmethod 716 0x000002d62d9a6090 code [0x000002d62d9a6220, 0x000002d62d9a6348]
Event: 13.187 Thread 0x000002d649873980  717  s    3       java.awt.KeyboardFocusManager::getCurrentKeyboardFocusManager (32 bytes)
Event: 13.188 Thread 0x000002d649873980 nmethod 717 0x000002d62d9a6410 code [0x000002d62d9a65e0, 0x000002d62d9a69e8]
Event: 13.188 Thread 0x000002d649873980  718       3       java.awt.KeyboardFocusManager::getCurrentKeyboardFocusManager (7 bytes)
Event: 13.189 Thread 0x000002d649873980 nmethod 718 0x000002d62d9a6b10 code [0x000002d62d9a6d00, 0x000002d62d9a71b8]

GC Heap History (2 events):
Event: 3.054 GC heap before
{Heap before GC invocations=0 (full 0):
 garbage-first heap   total 260096K, used 51200K [0x0000000702600000, 0x0000000800000000)
  region size 2048K, 11 young (22528K), 0 survivors (0K)
 Metaspace       used 13296K, committed 13504K, reserved 1064960K
  class space    used 1285K, committed 1408K, reserved 1048576K
}
Event: 3.057 GC heap after
{Heap after GC invocations=1 (full 0):
 garbage-first heap   total 260096K, used 30615K [0x0000000702600000, 0x0000000800000000)
  region size 2048K, 1 young (2048K), 1 survivors (2048K)
 Metaspace       used 13296K, committed 13504K, reserved 1064960K
  class space    used 1285K, committed 1408K, reserved 1048576K
}

Deoptimization events (4 events):
Event: 0.376 Thread 0x000002d649b63d20 DEOPT PACKING pc=0x000002d62d8c5be7 sp=0x000000ed227fc230
Event: 0.376 Thread 0x000002d649b63d20 DEOPT UNPACKING pc=0x000002d62d362b43 sp=0x000000ed227fb650 mode 0
Event: 2.324 Thread 0x000002d649b663a0 DEOPT PACKING pc=0x000002d62d8c4f51 sp=0x000000ed228fe5b0
Event: 2.324 Thread 0x000002d649b663a0 DEOPT UNPACKING pc=0x000002d62d362b43 sp=0x000000ed228fda28 mode 0

Classes unloaded (0 events):
No events

Classes redefined (0 events):
No events

Internal exceptions (13 events):
Event: 0.155 Thread 0x000002d62849d900 Exception <a 'java/lang/ClassNotFoundException'{0x00000007123a69d0}: sun/awt/resources/spi/awtProvider> (0x00000007123a69d0) 
thrown [e:\jenkins\tmp\workspace\build\src\src\hotspot\share\classfile\systemDictionary.cpp, line 256]
Event: 0.179 Thread 0x000002d62849d900 Exception <a 'java/io/FileNotFoundException'{0x00000007120015e8}> (0x00000007120015e8) 
thrown [e:\jenkins\tmp\workspace\build\src\src\hotspot\share\prims\jni.cpp, line 516]
Event: 0.184 Thread 0x000002d62849d900 Exception <a 'java/io/FileNotFoundException'{0x000000071202e560}> (0x000000071202e560) 
thrown [e:\jenkins\tmp\workspace\build\src\src\hotspot\share\prims\jni.cpp, line 516]
Event: 0.231 Thread 0x000002d62849d900 Exception <a 'java/lang/NoSuchMethodError'{0x00000007120a9748}: 'java.lang.Object java.lang.invoke.DirectMethodHandle$Holder.invokeStaticInit(java.lang.Object)'> (0x00000007120a9748) 
thrown [e:\jenkins\tmp\workspace\build\src\src\hotspot\share\interpreter\linkResolver.cpp, line 766]
Event: 0.279 Thread 0x000002d649b63d20 Exception <a 'java/lang/NoSuchMethodError'{0x00000007121b0650}: 'void java.lang.invoke.DirectMethodHandle$Holder.invokeSpecial(java.lang.Object, java.lang.Object, java.lang.Object)'> (0x00000007121b0650) 
thrown [e:\jenkins\tmp\workspace\build\src\src\hotspot\share\interpreter\linkResolver.cpp, line 766]
Event: 0.286 Thread 0x000002d649b63d20 Exception <a 'java/lang/NoSuchMethodError'{0x0000000711e0d8f8}: 'java.lang.Object java.lang.invoke.DirectMethodHandle$Holder.newInvokeSpecial(java.lang.Object, java.lang.Object, java.lang.Object, java.lang.Object, java.lang.Object)'> (0x0000000711e0d8f8) 
thrown [e:\jenkins\tmp\workspace\build\src\src\hotspot\share\interpreter\linkResolver.cpp, line 766]
Event: 0.288 Thread 0x000002d649b63d20 Exception <a 'java/lang/NoSuchMethodError'{0x0000000711e192c0}: 'java.lang.Object java.lang.invoke.DirectMethodHandle$Holder.invokeStatic(java.lang.Object, int, java.lang.Object, java.lang.Object, java.lang.Object, java.lang.Object)'> (0x0000000711e192c0) 
thrown [e:\jenkins\tmp\workspace\build\src\src\hotspot\share\interpreter\linkResolver.cpp, line 766]
Event: 0.292 Thread 0x000002d649b63d20 Exception <a 'java/lang/NoSuchMethodError'{0x0000000711e3ea80}: 'java.lang.Object java.lang.invoke.DirectMethodHandle$Holder.invokeStatic(java.lang.Object, int, java.lang.Object)'> (0x0000000711e3ea80) 
thrown [e:\jenkins\tmp\workspace\build\src\src\hotspot\share\interpreter\linkResolver.cpp, line 766]
Event: 0.322 Thread 0x000002d649b63d20 Exception <a 'java/lang/ClassNotFoundException'{0x0000000711ef6ac8}: com/sun/swing/internal/plaf/metal/resources/spi/metalProvider> (0x0000000711ef6ac8) 
thrown [e:\jenkins\tmp\workspace\build\src\src\hotspot\share\classfile\systemDictionary.cpp, line 256]
Event: 0.323 Thread 0x000002d649b63d20 Exception <a 'java/lang/ClassNotFoundException'{0x0000000711efa920}: com/sun/swing/internal/plaf/basic/resources/spi/basicProvider> (0x0000000711efa920) 
thrown [e:\jenkins\tmp\workspace\build\src\src\hotspot\share\classfile\systemDictionary.cpp, line 256]
Event: 0.353 Thread 0x000002d649b63d20 Exception <a 'java/lang/NoSuchMethodError'{0x0000000711f35f30}: 'void java.lang.invoke.DirectMethodHandle$Holder.invokeStaticInit(java.lang.Object)'> (0x0000000711f35f30) 
thrown [e:\jenkins\tmp\workspace\build\src\src\hotspot\share\interpreter\linkResolver.cpp, line 766]
Event: 0.410 Thread 0x000002d649b65ed0 Exception <a 'java/lang/NoSuchMethodError'{0x00000007120fbcb0}: 'void java.lang.invoke.DirectMethodHandle$Holder.invokeVirtual(java.lang.Object, java.lang.Object)'> (0x00000007120fbcb0) 
thrown [e:\jenkins\tmp\workspace\build\src\src\hotspot\share\interpreter\linkResolver.cpp, line 766]
Event: 2.336 Thread 0x000002d649b65530 Exception <a 'java/lang/NoSuchMethodError'{0x0000000711ca2ae0}: 'java.lang.Object java.lang.invoke.DirectMethodHandle$Holder.newInvokeSpecial(java.lang.Object, java.lang.Object, java.lang.Object, int, int, int, int, int)'> (0x0000000711ca2ae0) 
thrown [e:\jenkins\tmp\workspace\build\src\src\hotspot\share\interpreter\linkResolver.cpp, line 766]

VM Operations (15 events):
Event: 0.193 Executing VM operation: HandshakeAllThreads
Event: 0.193 Executing VM operation: HandshakeAllThreads done
Event: 0.198 Executing VM operation: HandshakeAllThreads
Event: 0.198 Executing VM operation: HandshakeAllThreads done
Event: 0.374 Executing VM operation: HandshakeAllThreads
Event: 0.374 Executing VM operation: HandshakeAllThreads done
Event: 1.389 Executing VM operation: Cleanup
Event: 1.389 Executing VM operation: Cleanup done
Event: 2.395 Executing VM operation: Cleanup
Event: 2.395 Executing VM operation: Cleanup done
Event: 3.054 Executing VM operation: G1CollectForAllocation
Event: 3.057 Executing VM operation: G1CollectForAllocation done
Event: 13.115 Executing VM operation: Cleanup
Event: 13.115 Executing VM operation: Cleanup done
Event: 15.731 Executing VM operation: Exit

Events (20 events):
Event: 2.333 loading class sun/awt/image/JPEGImageDecoder$1
Event: 2.334 loading class sun/awt/image/JPEGImageDecoder$1 done
Event: 2.335 Loaded shared library C:\Users\orkun\.p2\pool\plugins\org.eclipse.justj.openjdk.hotspot.jre.full.win32.x86_64_17.0.1.v20211116-1657\jre\bin\javajpeg.dll
Event: 2.343 loading class java/applet/Applet
Event: 2.343 loading class java/awt/Panel
Event: 2.344 loading class java/awt/Panel done
Event: 2.344 loading class java/applet/Applet done
Event: 2.344 loading class javax/swing/CellRendererPane
Event: 2.344 loading class javax/swing/CellRendererPane done
Event: 2.344 loading class javax/swing/RepaintManager$3
Event: 2.344 loading class javax/swing/RepaintManager$3 done
Event: 2.345 loading class sun/awt/image/BufImgSurfaceManager
Event: 2.345 loading class sun/awt/image/BufImgSurfaceManager done
Event: 3.279 Thread 0x000002d649b663a0 Thread exited: 0x000002d649b663a0
Event: 8.235 Thread 0x000002d649b65530 Thread exited: 0x000002d649b65530
Event: 15.621 Thread 0x000002d649b629e0 Thread added: 0x000002d649b629e0
Event: 15.621 Thread 0x000002d649b65060 Thread added: 0x000002d649b65060
Event: 15.621 Thread 0x000002d649b629e0 Thread exited: 0x000002d649b629e0
Event: 15.640 Thread 0x000002d649b65ed0 Thread exited: 0x000002d649b65ed0
Event: 15.730 Thread 0x000002d649b65060 Thread exited: 0x000002d649b65060


Dynamic libraries:
0x00007ff716c00000 - 0x00007ff716c0e000 	C:\Users\orkun\.p2\pool\plugins\org.eclipse.justj.openjdk.hotspot.jre.full.win32.x86_64_17.0.1.v20211116-1657\jre\bin\javaw.exe
0x00007ffad17f0000 - 0x00007ffad19e5000 	C:\WINDOWS\SYSTEM32\ntdll.dll
0x00007ffad0b30000 - 0x00007ffad0bee000 	C:\WINDOWS\System32\KERNEL32.DLL
0x00007ffacf020000 - 0x00007ffacf2e8000 	C:\WINDOWS\System32\KERNELBASE.dll
0x00007ffac9200000 - 0x00007ffac9290000 	C:\WINDOWS\SYSTEM32\apphelp.dll
0x00007ffacf5d0000 - 0x00007ffacf6d0000 	C:\WINDOWS\System32\ucrtbase.dll
0x00007ffaaa390000 - 0x00007ffaaa3a9000 	C:\Users\orkun\.p2\pool\plugins\org.eclipse.justj.openjdk.hotspot.jre.full.win32.x86_64_17.0.1.v20211116-1657\jre\bin\VCRUNTIME140.dll
0x00007ffaa3fb0000 - 0x00007ffaa3fc8000 	C:\Users\orkun\.p2\pool\plugins\org.eclipse.justj.openjdk.hotspot.jre.full.win32.x86_64_17.0.1.v20211116-1657\jre\bin\jli.dll
0x00007ffad1280000 - 0x00007ffad1421000 	C:\WINDOWS\System32\USER32.dll
0x00007ffacf3e0000 - 0x00007ffacf402000 	C:\WINDOWS\System32\win32u.dll
0x00007ffacf840000 - 0x00007ffacf86b000 	C:\WINDOWS\System32\GDI32.dll
0x00007ffaa8660000 - 0x00007ffaa88fa000 	C:\WINDOWS\WinSxS\amd64_microsoft.windows.common-controls_6595b64144ccf1df_6.0.19041.1110_none_60b5254171f9507e\COMCTL32.dll
0x00007ffacf4c0000 - 0x00007ffacf5cd000 	C:\WINDOWS\System32\gdi32full.dll
0x00007ffacf8e0000 - 0x00007ffacf97e000 	C:\WINDOWS\System32\msvcrt.dll
0x00007ffacef50000 - 0x00007ffacefed000 	C:\WINDOWS\System32\msvcp_win.dll
0x00007ffad1250000 - 0x00007ffad1280000 	C:\WINDOWS\System32\IMM32.DLL
0x00007ffac73f0000 - 0x00007ffac73fc000 	C:\Users\orkun\.p2\pool\plugins\org.eclipse.justj.openjdk.hotspot.jre.full.win32.x86_64_17.0.1.v20211116-1657\jre\bin\vcruntime140_1.dll
0x00007ffa99960000 - 0x00007ffa999f1000 	C:\Users\orkun\.p2\pool\plugins\org.eclipse.justj.openjdk.hotspot.jre.full.win32.x86_64_17.0.1.v20211116-1657\jre\bin\msvcp140.dll
0x00007ffa808e0000 - 0x00007ffa81526000 	C:\Users\orkun\.p2\pool\plugins\org.eclipse.justj.openjdk.hotspot.jre.full.win32.x86_64_17.0.1.v20211116-1657\jre\bin\server\jvm.dll
0x00007ffad11a0000 - 0x00007ffad124c000 	C:\WINDOWS\System32\ADVAPI32.dll
0x00007ffad06b0000 - 0x00007ffad074b000 	C:\WINDOWS\System32\sechost.dll
0x00007ffad1070000 - 0x00007ffad119a000 	C:\WINDOWS\System32\RPCRT4.dll
0x00007ffacf870000 - 0x00007ffacf878000 	C:\WINDOWS\System32\PSAPI.DLL
0x00007ffaba940000 - 0x00007ffaba949000 	C:\WINDOWS\SYSTEM32\WSOCK32.dll
0x00007ffabac50000 - 0x00007ffabac77000 	C:\WINDOWS\SYSTEM32\WINMM.dll
0x00007ffad0750000 - 0x00007ffad07bb000 	C:\WINDOWS\System32\WS2_32.dll
0x00007ffabadf0000 - 0x00007ffabadfa000 	C:\WINDOWS\SYSTEM32\VERSION.dll
0x00007ffacd780000 - 0x00007ffacd792000 	C:\WINDOWS\SYSTEM32\kernel.appcore.dll
0x00007ffac5fb0000 - 0x00007ffac5fba000 	C:\Users\orkun\.p2\pool\plugins\org.eclipse.justj.openjdk.hotspot.jre.full.win32.x86_64_17.0.1.v20211116-1657\jre\bin\jimage.dll
0x00007ffacd410000 - 0x00007ffacd5f4000 	C:\WINDOWS\SYSTEM32\DBGHELP.DLL
0x00007ffab9070000 - 0x00007ffab909c000 	C:\WINDOWS\SYSTEM32\dbgcore.DLL
0x00007ffacf2f0000 - 0x00007ffacf372000 	C:\WINDOWS\System32\bcryptPrimitives.dll
0x00007ffaa3f50000 - 0x00007ffaa3f75000 	C:\Users\orkun\.p2\pool\plugins\org.eclipse.justj.openjdk.hotspot.jre.full.win32.x86_64_17.0.1.v20211116-1657\jre\bin\java.dll
0x00007ffac4230000 - 0x00007ffac4248000 	C:\Users\orkun\.p2\pool\plugins\org.eclipse.justj.openjdk.hotspot.jre.full.win32.x86_64_17.0.1.v20211116-1657\jre\bin\zip.dll
0x00007ffacff40000 - 0x00007ffad0684000 	C:\WINDOWS\System32\SHELL32.dll
0x00007ffaccb50000 - 0x00007ffacd2e4000 	C:\WINDOWS\SYSTEM32\windows.storage.dll
0x00007ffad07c0000 - 0x00007ffad0b15000 	C:\WINDOWS\System32\combase.dll
0x00007fface880000 - 0x00007fface8ae000 	C:\WINDOWS\SYSTEM32\Wldp.dll
0x00007ffacfe00000 - 0x00007ffacfead000 	C:\WINDOWS\System32\SHCORE.dll
0x00007ffad1750000 - 0x00007ffad17a5000 	C:\WINDOWS\System32\shlwapi.dll
0x00007ffacee40000 - 0x00007ffacee5f000 	C:\WINDOWS\SYSTEM32\profapi.dll
0x00007ffaa1820000 - 0x00007ffaa1839000 	C:\Users\orkun\.p2\pool\plugins\org.eclipse.justj.openjdk.hotspot.jre.full.win32.x86_64_17.0.1.v20211116-1657\jre\bin\net.dll
0x00007ffabd0c0000 - 0x00007ffabd1cc000 	C:\WINDOWS\SYSTEM32\WINHTTP.dll
0x00007fface5e0000 - 0x00007fface64a000 	C:\WINDOWS\system32\mswsock.dll
0x00007ffaa1400000 - 0x00007ffaa1415000 	C:\Users\orkun\.p2\pool\plugins\org.eclipse.justj.openjdk.hotspot.jre.full.win32.x86_64_17.0.1.v20211116-1657\jre\bin\nio.dll
0x00007ffa8c900000 - 0x00007ffa8ca8e000 	C:\Users\orkun\.p2\pool\plugins\org.eclipse.justj.openjdk.hotspot.jre.full.win32.x86_64_17.0.1.v20211116-1657\jre\bin\awt.dll
0x00007ffacfb20000 - 0x00007ffacfbed000 	C:\WINDOWS\System32\OLEAUT32.dll
0x00007ffa58030000 - 0x00007ffa5b231000 	C:\Users\orkun\Downloads\opencv\build\java\x64\opencv_java455.dll
0x00007ffad1430000 - 0x00007ffad155a000 	C:\WINDOWS\System32\ole32.dll
0x00007ffac4a00000 - 0x00007ffac4bbc000 	C:\WINDOWS\SYSTEM32\MFPlat.DLL
0x00007ffac5be0000 - 0x00007ffac5c64000 	C:\WINDOWS\SYSTEM32\MF.dll
0x00007ffa9f540000 - 0x00007ffa9f64a000 	C:\WINDOWS\SYSTEM32\MFReadWrite.dll
0x00007ffacef00000 - 0x00007ffacef4e000 	C:\WINDOWS\System32\cfgmgr32.dll
0x00007ffac5530000 - 0x00007ffac59c1000 	C:\WINDOWS\SYSTEM32\MFCORE.DLL
0x00007ffacf6d0000 - 0x00007ffacf826000 	C:\WINDOWS\System32\CRYPT32.dll
0x00007ffaceff0000 - 0x00007ffacf017000 	C:\WINDOWS\System32\bcrypt.dll
0x00007ffaced70000 - 0x00007ffacedbb000 	C:\WINDOWS\SYSTEM32\powrprof.dll
0x00007ffac54d0000 - 0x00007ffac54d9000 	C:\WINDOWS\SYSTEM32\ksuser.dll
0x00007fface7f0000 - 0x00007fface7fc000 	C:\WINDOWS\SYSTEM32\CRYPTBASE.DLL
0x00007ffac4930000 - 0x00007ffac4966000 	C:\WINDOWS\SYSTEM32\RTWorkQ.DLL
0x00007ffaced50000 - 0x00007ffaced62000 	C:\WINDOWS\SYSTEM32\UMPDC.dll
0x00007ffac93a0000 - 0x00007ffac943e000 	C:\WINDOWS\system32\uxtheme.dll
0x00007ffacfa00000 - 0x00007ffacfb15000 	C:\WINDOWS\System32\MSCTF.dll
0x00007ffac9760000 - 0x00007ffac978f000 	C:\WINDOWS\system32\DWMAPI.DLL
0x00007ffaace60000 - 0x00007ffaacf85000 	C:\WINDOWS\system32\opengl32.dll
0x00007ffaad520000 - 0x00007ffaad54c000 	C:\WINDOWS\SYSTEM32\GLU32.dll
0x00007ffa998d0000 - 0x00007ffa99959000 	C:\Users\orkun\.p2\pool\plugins\org.eclipse.justj.openjdk.hotspot.jre.full.win32.x86_64_17.0.1.v20211116-1657\jre\bin\freetype.dll
0x00007ffa8d890000 - 0x00007ffa8d938000 	C:\Users\orkun\.p2\pool\plugins\org.eclipse.justj.openjdk.hotspot.jre.full.win32.x86_64_17.0.1.v20211116-1657\jre\bin\fontmanager.dll
0x00007ffaac340000 - 0x00007ffaac439000 	C:\WINDOWS\SYSTEM32\textinputframework.dll
0x00007ffac8a40000 - 0x00007ffac8d9e000 	C:\WINDOWS\System32\CoreUIComponents.dll
0x00007ffac8db0000 - 0x00007ffac8ea2000 	C:\WINDOWS\System32\CoreMessaging.dll
0x00007ffac76e0000 - 0x00007ffac7834000 	C:\WINDOWS\SYSTEM32\wintypes.dll
0x00007ffacdbf0000 - 0x00007ffacdc23000 	C:\WINDOWS\SYSTEM32\ntmarta.dll
0x00007ffaba3f0000 - 0x00007ffaba456000 	C:\WINDOWS\system32\Oleacc.dll
0x00007ffac41a0000 - 0x00007ffac41d7000 	C:\WINDOWS\SYSTEM32\CompPkgSup.DLL
0x00007ffad1640000 - 0x00007ffad16e9000 	C:\WINDOWS\System32\clbcatq.dll
0x00007ffac38b0000 - 0x00007ffac3fd9000 	C:\Windows\System32\Windows.Media.dll
0x00007ffaa0d40000 - 0x00007ffaa0db0000 	C:\Windows\System32\FrameServerClient.dll
0x00007ffac5db0000 - 0x00007ffac5e17000 	C:\Windows\System32\MFSENSORGROUP.dll
0x00007ffac3700000 - 0x00007ffac37e6000 	C:\Windows\System32\Windows.ApplicationModel.dll
0x00007ffac59d0000 - 0x00007ffac5bd1000 	C:\Windows\System32\twinapi.appcore.dll
0x00007ffac6620000 - 0x00007ffac662a000 	C:\WINDOWS\SYSTEM32\AVRT.dll
0x00007ffac4720000 - 0x00007ffac4819000 	C:\Windows\System32\AppXDeploymentClient.dll
0x00007ffaa1960000 - 0x00007ffaa196d000 	C:\Windows\System32\vidcap.ax
0x00007ffaa0cd0000 - 0x00007ffaa0cf7000 	C:\Windows\System32\kswdmcap.ax
0x00007ffaa0400000 - 0x00007ffaa056c000 	C:\Windows\System32\MFC42.dll
0x00007ffaa9120000 - 0x00007ffaa9266000 	C:\Windows\System32\Windows.StateRepositoryPS.dll
0x00007ffa86480000 - 0x00007ffa8676f000 	C:\Program Files\Intel\Media SDK\mfx_mft_mjpgvd_64.dll
0x00007ffacd7f0000 - 0x00007ffacd8e4000 	C:\WINDOWS\SYSTEM32\dxgi.dll
0x00007ffacd600000 - 0x00007ffacd6f6000 	C:\WINDOWS\SYSTEM32\PROPSYS.dll
0x00007ffac8260000 - 0x00007ffac84c4000 	C:\WINDOWS\SYSTEM32\d3d11.dll
0x00007ffac2950000 - 0x00007ffac298b000 	C:\WINDOWS\SYSTEM32\dxcore.dll
0x00007ffaa3f90000 - 0x00007ffaa3fad000 	C:\Windows\System32\mfmjpegdec.dll
0x00007ffa9d690000 - 0x00007ffa9d7bd000 	C:\Windows\System32\mfperfhelper.dll
0x00007ffa9e060000 - 0x00007ffa9e1c2000 	C:\WINDOWS\System32\msvproc.dll
0x00007ffaa1c90000 - 0x00007ffaa1cb4000 	C:\WINDOWS\SYSTEM32\OpenCL.dll
0x00007ffa84620000 - 0x00007ffa847a3000 	C:\WINDOWS\System32\DriverStore\FileRepository\ki127968.inf_amd64_37fa78421dc8eefa\IntelOpenCL64.dll
0x00007ffa80530000 - 0x00007ffa8070e000 	C:\Program Files (x86)\Common Files\Intel\OpenCL\bin\x64\intelocl64.dll
0x00007ffa8c750000 - 0x00007ffa8c7fc000 	C:\Program Files (x86)\Common Files\Intel\OpenCL\bin\x64\task_executor64.dll
0x00007ffa89350000 - 0x00007ffa8943a000 	C:\Program Files (x86)\Common Files\Intel\OpenCL\bin\x64\cpu_device64.dll
0x00007ffa66890000 - 0x00007ffa66d4d000 	C:\WINDOWS\System32\DriverStore\FileRepository\ki127968.inf_amd64_37fa78421dc8eefa\igdrcl64.dll
0x00007ffa88110000 - 0x00007ffa881d1000 	C:\WINDOWS\System32\DriverStore\FileRepository\ki127968.inf_amd64_37fa78421dc8eefa\igdfcl64.dll
0x00007ffabe2f0000 - 0x00007ffac00d0000 	C:\WINDOWS\System32\DriverStore\FileRepository\ki127968.inf_amd64_37fa78421dc8eefa\igc64.dll
0x00007ffaa0c80000 - 0x00007ffaa0cad000 	C:\Users\orkun\.p2\pool\plugins\org.eclipse.justj.openjdk.hotspot.jre.full.win32.x86_64_17.0.1.v20211116-1657\jre\bin\javajpeg.dll

dbghelp: loaded successfully - version: 4.0.5 - missing functions: none
symbol engine: initialized successfully - sym options: 0x614 - pdb path: .;C:\Users\orkun\.p2\pool\plugins\org.eclipse.justj.openjdk.hotspot.jre.full.win32.x86_64_17.0.1.v20211116-1657\jre\bin;C:\WINDOWS\SYSTEM32;C:\WINDOWS\WinSxS\amd64_microsoft.windows.common-controls_6595b64144ccf1df_6.0.19041.1110_none_60b5254171f9507e;C:\Users\orkun\.p2\pool\plugins\org.eclipse.justj.openjdk.hotspot.jre.full.win32.x86_64_17.0.1.v20211116-1657\jre\bin\server;C:\Users\orkun\Downloads\opencv\build\java\x64;C:\Program Files\Intel\Media SDK;C:\WINDOWS\System32\DriverStore\FileRepository\ki127968.inf_amd64_37fa78421dc8eefa;C:\Program Files (x86)\Common Files\Intel\OpenCL\bin\x64

VM Arguments:
jvm_args: -Djava.library.path=C:\Users\orkun\Downloads\opencv\build\java\x64 -Dfile.encoding=Cp1252 -XX:+ShowCodeDetailsInExceptionMessages 
java_command: EyeTracker.java.EyeTracker
java_class_path (initial): C:\Users\orkun\eclipse-workspace\EyeTracker.java\bin;C:\Users\orkun\Downloads\opencv\build\java\opencv-455.jar
Launcher Type: SUN_STANDARD

[Global flags]
     intx CICompilerCount                          = 4                                         {product} {ergonomic}
     uint ConcGCThreads                            = 2                                         {product} {ergonomic}
     uint G1ConcRefinementThreads                  = 8                                         {product} {ergonomic}
   size_t G1HeapRegionSize                         = 2097152                                   {product} {ergonomic}
    uintx GCDrainStackTargetSize                   = 64                                        {product} {ergonomic}
   size_t InitialHeapSize                          = 266338304                                 {product} {ergonomic}
   size_t MarkStackSize                            = 4194304                                   {product} {ergonomic}
   size_t MaxHeapSize                              = 4255121408                                {product} {ergonomic}
   size_t MaxNewSize                               = 2552233984                                {product} {ergonomic}
   size_t MinHeapDeltaBytes                        = 2097152                                   {product} {ergonomic}
   size_t MinHeapSize                              = 8388608                                   {product} {ergonomic}
    uintx NonNMethodCodeHeapSize                   = 5839372                                {pd product} {ergonomic}
    uintx NonProfiledCodeHeapSize                  = 122909434                              {pd product} {ergonomic}
    uintx ProfiledCodeHeapSize                     = 122909434                              {pd product} {ergonomic}
    uintx ReservedCodeCacheSize                    = 251658240                              {pd product} {ergonomic}
     bool SegmentedCodeCache                       = true                                      {product} {ergonomic}
     bool ShowCodeDetailsInExceptionMessages       = true                                   {manageable} {command line}
   size_t SoftMaxHeapSize                          = 4255121408                             {manageable} {ergonomic}
     bool UseCompressedClassPointers               = true                           {product lp64_product} {ergonomic}
     bool UseCompressedOops                        = true                           {product lp64_product} {ergonomic}
     bool UseG1GC                                  = true                                      {product} {ergonomic}
     bool UseLargePagesIndividualAllocation        = false                                  {pd product} {ergonomic}

Logging:
Log output configuration:
 #0: stdout all=off uptime,level,tags
 #1: stderr all=off uptime,level,tags

Environment Variables:
PATH=C:/Users/orkun/.p2/pool/plugins/org.eclipse.justj.openjdk.hotspot.jre.full.win32.x86_64_17.0.1.v20211116-1657/jre/bin/server;C:/Users/orkun/.p2/pool/plugins/org.eclipse.justj.openjdk.hotspot.jre.full.win32.x86_64_17.0.1.v20211116-1657/jre/bin;C:/Users/orkun/AppData/Local/Temp/eoi8D7.tmp//plugins/org.eclipse.justj.openjdk.hotspot.jre.minimal.stripped.win32.x86_64_17.0.1.v20211116-1657/jre/bin/server;C:/Users/orkun/AppData/Local/Temp/eoi8D7.tmp//plugins/org.eclipse.justj.openjdk.hotspot.jre.minimal.stripped.win32.x86_64_17.0.1.v20211116-1657/jre/bin;C:\Program Files (x86)\Google\Chrome\Application;C:\WINDOWS\system32;C:\WINDOWS;C:\WINDOWS\System32\Wbem;C:\WINDOWS\System32\WindowsPowerShell\v1.0\;C:\WINDOWS\System32\OpenSSH\;C:\Program Files (x86)\Intel\Intel(R) Management Engine Components\DAL;C:\Program Files\Intel\Intel(R) Management Engine Components\DAL;C:\Program Files (x86)\Intel\Intel(R) Management Engine Components\IPT;C:\Program Files\Intel\Intel(R) Management Engine Components\IPT;C:\Program Files\Intel\WiFi\bin\;C:\Program Files\Common Files\Intel\WirelessCommon\;C:\Users\orkun\AppData\Local\Microsoft\WindowsApps;;C:\Users\orkun\Downloads;;C:\Users\orkun\Downloads;
USERNAME=orkun
OS=Windows_NT
PROCESSOR_IDENTIFIER=Intel64 Family 6 Model 142 Stepping 10, GenuineIntel



---------------  S Y S T E M  ---------------

OS:
 Windows 10 , 64 bit Build 19041 (10.0.19041.1348)
OS uptime: 6 days 22:26 hours

CPU: total 8 (initial active 8) (4 cores per cpu, 2 threads per core) family 6 model 142 stepping 10 microcode 0xb4, cx8, cmov, fxsr, ht, mmx, 3dnowpref, sse, sse2, sse3, ssse3, sse4.1, sse4.2, popcnt, lzcnt, tsc, tscinvbit, avx, avx2, aes, erms, clmul, bmi1, bmi2, adx, fma, vzeroupper, clflush, clflushopt

Memory: 4k page, system-wide physical 16225M (8860M free)
TotalPageFile size 18657M (AvailPageFile size 8464M)
current process WorkingSet (physical memory assigned to process): 158M, peak: 186M
current process commit charge ("private bytes"): 389M, peak: 418M

vm_info: OpenJDK 64-Bit Server VM (17.0.1+12) for windows-amd64 JRE (17.0.1+12), built on Oct 20 2021 07:42:55 by "" with MS VC++ 16.7 (VS2019)

END.
